Determining if the pthread_create exist failed with the following output:
Change Dir: /home/jamie/rtsptc2/cmake-build-debug/CMakeFiles/CMakeTmp

Run Build Command:"/usr/bin/make" "cmTC_397ed/fast"
/usr/bin/make -f CMakeFiles/cmTC_397ed.dir/build.make CMakeFiles/cmTC_397ed.dir/build
make[1]: Entering directory '/home/jamie/rtsptc2/cmake-build-debug/CMakeFiles/CMakeTmp'
Building C object CMakeFiles/cmTC_397ed.dir/CheckSymbolExists.c.o
/usr/bin/cc     -o CMakeFiles/cmTC_397ed.dir/CheckSymbolExists.c.o   -c /home/jamie/rtsptc2/cmake-build-debug/CMakeFiles/CMakeTmp/CheckSymbolExists.c
Linking C executable cmTC_397ed
/home/jamie/clion-2016.3.2/bin/cmake/bin/cmake -E cmake_link_script CMakeFiles/cmTC_397ed.dir/link.txt --verbose=1
/usr/bin/cc       CMakeFiles/cmTC_397ed.dir/CheckSymbolExists.c.o  -o cmTC_397ed 
CMakeFiles/cmTC_397ed.dir/CheckSymbolExists.c.o: In function `main':
CheckSymbolExists.c:(.text+0x1b): undefined reference to `pthread_create'
collect2: error: ld returned 1 exit status
CMakeFiles/cmTC_397ed.dir/build.make:97: recipe for target 'cmTC_397ed' failed
make[1]: *** [cmTC_397ed] Error 1
make[1]: Leaving directory '/home/jamie/rtsptc2/cmake-build-debug/CMakeFiles/CMakeTmp'
Makefile:126: recipe for target 'cmTC_397ed/fast' failed
make: *** [cmTC_397ed/fast] Error 2

File /home/jamie/rtsptc2/cmake-build-debug/CMakeFiles/CMakeTmp/CheckSymbolExists.c:
/* */
#include <pthread.h>

int main(int argc, char** argv)
{
  (void)argv;
#ifndef pthread_create
  return ((int*)(&pthread_create))[argc];
#else
  (void)argc;
  return 0;
#endif
}

Determining if the function pthread_create exists in the pthreads failed with the following output:
Change Dir: /home/jamie/rtsptc2/cmake-build-debug/CMakeFiles/CMakeTmp

Run Build Command:"/usr/bin/make" "cmTC_e350b/fast"
/usr/bin/make -f CMakeFiles/cmTC_e350b.dir/build.make CMakeFiles/cmTC_e350b.dir/build
make[1]: Entering directory '/home/jamie/rtsptc2/cmake-build-debug/CMakeFiles/CMakeTmp'
Building C object CMakeFiles/cmTC_e350b.dir/CheckFunctionExists.c.o
/usr/bin/cc    -DCHECK_FUNCTION_EXISTS=pthread_create   -o CMakeFiles/cmTC_e350b.dir/CheckFunctionExists.c.o   -c /home/jamie/clion-2016.3.2/bin/cmake/share/cmake-3.6/Modules/CheckFunctionExists.c
Linking C executable cmTC_e350b
/home/jamie/clion-2016.3.2/bin/cmake/bin/cmake -E cmake_link_script CMakeFiles/cmTC_e350b.dir/link.txt --verbose=1
/usr/bin/cc   -DCHECK_FUNCTION_EXISTS=pthread_create    CMakeFiles/cmTC_e350b.dir/CheckFunctionExists.c.o  -o cmTC_e350b -lpthreads 
/usr/bin/ld: cannot find -lpthreads
collect2: error: ld returned 1 exit status
CMakeFiles/cmTC_e350b.dir/build.make:97: recipe for target 'cmTC_e350b' failed
make[1]: *** [cmTC_e350b] Error 1
make[1]: Leaving directory '/home/jamie/rtsptc2/cmake-build-debug/CMakeFiles/CMakeTmp'
Makefile:126: recipe for target 'cmTC_e350b/fast' failed
make: *** [cmTC_e350b/fast] Error 2


